[0820/215505.406:ERROR:process_reader_win.cc(151)] SuspendThread: Access is denied. (0x5)
[0820/215505.406:ERROR:process_reader_win.cc(151)] SuspendThread: Access is denied. (0x5)
[0820/215505.406:ERROR:process_reader_win.cc(151)] SuspendThread: Access is denied. (0x5)
[0820/215505.410:ERROR:process_reader_win.cc(151)] SuspendThread: Access is denied. (0x5)
[0820/215505.410:ERROR:process_reader_win.cc(151)] SuspendThread: Access is denied. (0x5)
[0820/215505.410:ERROR:process_reader_win.cc(151)] SuspendThread: Access is denied. (0x5)
[0820/215505.410:ERROR:process_reader_win.cc(151)] SuspendThread: Access is denied. (0x5)
[0820/215505.410:ERROR:process_reader_win.cc(151)] SuspendThread: Access is denied. (0x5)
[0820/215505.410:ERROR:process_reader_win.cc(151)] SuspendThread: Access is denied. (0x5)
[0820/215505.410:ERROR:process_reader_win.cc(151)] SuspendThread: Access is denied. (0x5)
[0820/215505.410:ERROR:process_reader_win.cc(151)] SuspendThread: Access is denied. (0x5)
[0820/215505.410:ERROR:process_reader_win.cc(151)] SuspendThread: Access is denied. (0x5)
[0820/215505.410:ERROR:process_reader_win.cc(151)] SuspendThread: Access is denied. (0x5)
[0820/215505.410:ERROR:process_reader_win.cc(151)] SuspendThread: Access is denied. (0x5)
[0820/215505.410:ERROR:process_reader_win.cc(151)] SuspendThread: Access is denied. (0x5)
[0820/215505.410:ERROR:process_reader_win.cc(151)] SuspendThread: Access is denied. (0x5)
[0820/215505.410:ERROR:process_reader_win.cc(151)] SuspendThread: Access is denied. (0x5)
[0820/215505.410:ERROR:process_reader_win.cc(151)] SuspendThread: Access is denied. (0x5)
[0820/215505.410:ERROR:process_reader_win.cc(123)] NtOpenThread: {Access Denied} A process has requested access to an object, but has not been granted those access rights. (0xc0000022)
[0820/215505.410:ERROR:process_reader_win.cc(123)] NtOpenThread: {Access Denied} A process has requested access to an object, but has not been granted those access rights. (0xc0000022)
[0820/215505.478:ERROR:exception_snapshot_win.cc(98)] thread ID 2736 not found in process
[0820/215505.478:ERROR:exception_snapshot_win.cc(98)] thread ID 14140 not found in process
[0820/215505.855:ERROR:process_reader_win.cc(151)] SuspendThread: Access is denied. (0x5)
[0820/215505.855:ERROR:process_reader_win.cc(123)] NtOpenThread: {Access Denied} A process has requested access to an object, but has not been granted those access rights. (0xc0000022)
[0820/215505.855:ERROR:exception_snapshot_win.cc(98)] thread ID 3232 not found in process
[0820/215505.867:ERROR:process_reader_win.cc(151)] SuspendThread: Access is denied. (0x5)
[0820/215505.867:ERROR:process_reader_win.cc(151)] SuspendThread: Access is denied. (0x5)
[0820/215505.867:ERROR:process_reader_win.cc(151)] SuspendThread: Access is denied. (0x5)
[0820/215505.867:ERROR:process_reader_win.cc(151)] SuspendThread: Access is denied. (0x5)
[0820/215505.867:ERROR:process_reader_win.cc(151)] SuspendThread: Access is denied. (0x5)
[0820/215505.867:ERROR:process_reader_win.cc(151)] SuspendThread: Access is denied. (0x5)
[0820/215505.867:ERROR:process_reader_win.cc(151)] SuspendThread: Access is denied. (0x5)
[0820/215505.867:ERROR:process_reader_win.cc(123)] NtOpenThread: {Access Denied} A process has requested access to an object, but has not been granted those access rights. (0xc0000022)
[0820/215505.867:ERROR:exception_snapshot_win.cc(98)] thread ID 11016 not found in process
[0820/215505.875:ERROR:process_reader_win.cc(151)] SuspendThread: Access is denied. (0x5)
[0820/215505.875:ERROR:process_reader_win.cc(151)] SuspendThread: Access is denied. (0x5)
[0820/215505.875:ERROR:process_reader_win.cc(151)] SuspendThread: Access is denied. (0x5)
[0820/215505.875:ERROR:process_reader_win.cc(151)] SuspendThread: Access is denied. (0x5)
[0820/215505.875:ERROR:process_reader_win.cc(151)] SuspendThread: Access is denied. (0x5)
[0820/215505.875:ERROR:process_reader_win.cc(123)] NtOpenThread: {Access Denied} A process has requested access to an object, but has not been granted those access rights. (0xc0000022)
[0820/215505.875:ERROR:exception_snapshot_win.cc(98)] thread ID 9380 not found in process
[0821/183203.281:WARNING:process_reader_win.cc(156)] Thread 10884 should be suspended, but previous_suspend_count is 0
[0821/183203.295:WARNING:process_reader_win.cc(156)] Thread 3032 should be suspended, but previous_suspend_count is 0
[0821/183203.305:ERROR:process_info.cc(617)] range at 0xe6e1d7f000, size 0x1000 fully unreadable
[0821/183203.305:ERROR:process_info.cc(617)] range at 0x7ff6bf630000, size 0x1788 fully unreadable
[0821/183203.305:ERROR:process_info.cc(617)] range at 0xe6e257f000, size 0x1000 fully unreadable
[0821/183203.305:ERROR:process_info.cc(617)] range at 0x7ff6bf62e000, size 0x1788 fully unreadable
[0821/213205.612:ERROR:http_transport_win.cc(363)] WinHttpReceiveResponse: The operation completed successfully. (0x0)
